0 info it worked if it ends with ok
1 verbose cli [ '/usr/local/bin/node', '/usr/local/bin/npm', 'publish' ]
2 info using npm@1.4.28
3 info using node@v0.10.33
4 verbose publish [ '.' ]
5 verbose cache add [ '.', null ]
6 verbose cache add name=undefined spec="." args=[".",null]
7 verbose parsed url { protocol: null,
7 verbose parsed url   slashes: null,
7 verbose parsed url   auth: null,
7 verbose parsed url   host: null,
7 verbose parsed url   port: null,
7 verbose parsed url   hostname: null,
7 verbose parsed url   hash: null,
7 verbose parsed url   search: null,
7 verbose parsed url   query: null,
7 verbose parsed url   pathname: '.',
7 verbose parsed url   path: '.',
7 verbose parsed url   href: '.' }
8 silly lockFile 3a52ce78- .
9 verbose lock . /home/webadmin/.npm/3a52ce78-.lock
10 verbose tar pack [ '/home/webadmin/.npm/ueditor-nodejs/0.1.1/package.tgz', '.' ]
11 verbose tarball /home/webadmin/.npm/ueditor-nodejs/0.1.1/package.tgz
12 verbose folder .
13 info prepublish ueditor-nodejs@0.1.1
14 silly lockFile 1f1177db-tar tar://.
15 verbose lock tar://. /home/webadmin/.npm/1f1177db-tar.lock
16 silly lockFile 1f0d3bd3-ueditor-nodejs-0-1-1-package-tgz tar:///home/webadmin/.npm/ueditor-nodejs/0.1.1/package.tgz
17 verbose lock tar:///home/webadmin/.npm/ueditor-nodejs/0.1.1/package.tgz /home/webadmin/.npm/1f0d3bd3-ueditor-nodejs-0-1-1-package-tgz.lock
18 silly lockFile 1f1177db-tar tar://.
19 silly lockFile 1f1177db-tar tar://.
20 silly lockFile 1f0d3bd3-ueditor-nodejs-0-1-1-package-tgz tar:///home/webadmin/.npm/ueditor-nodejs/0.1.1/package.tgz
21 silly lockFile 1f0d3bd3-ueditor-nodejs-0-1-1-package-tgz tar:///home/webadmin/.npm/ueditor-nodejs/0.1.1/package.tgz
22 silly lockFile f6b21343-npm-ueditor-nodejs-0-1-1-package /home/webadmin/.npm/ueditor-nodejs/0.1.1/package
23 verbose lock /home/webadmin/.npm/ueditor-nodejs/0.1.1/package /home/webadmin/.npm/f6b21343-npm-ueditor-nodejs-0-1-1-package.lock
24 silly lockFile f6b21343-npm-ueditor-nodejs-0-1-1-package /home/webadmin/.npm/ueditor-nodejs/0.1.1/package
25 silly lockFile f6b21343-npm-ueditor-nodejs-0-1-1-package /home/webadmin/.npm/ueditor-nodejs/0.1.1/package
26 silly lockFile 3a52ce78- .
27 silly lockFile 3a52ce78- .
28 silly publish { name: 'ueditor-nodejs',
28 silly publish   version: '0.1.1',
28 silly publish   description: 'ueditor nodejs server support localstorage and bcs',
28 silly publish   author:
28 silly publish    { name: 'longmenwaideyu',
28 silly publish      email: '842450138@qq.com',
28 silly publish      url: 'longmenwaideyu.com' },
28 silly publish   main: './ueditor',
28 silly publish   scripts: { test: 'node test/test.js' },
28 silly publish   repository:
28 silly publish    { type: 'git',
28 silly publish      url: 'https://github.com/longmenwaideyu/ueditor-nodejs.git' },
28 silly publish   dependencies:
28 silly publish    { 'bcs-nodejs-sdk': '0.0.6',
28 silly publish      busboy: '^0.2.9',
28 silly publish      'fs-extra': '^0.16.4' },
28 silly publish   readme: 'ueditor-nodejs\n=============\n\n##ueditor的nodejs版后台，支持本地存储和百度云存储\n\n###使用方法\n\n####1. 安装\n\n\tnpm install ueditor-nodejs --save\n\n####2. 到ueditor官网下载php版或者jsp版的ueditor,将ueditor放入public下，重命名文件夹为ueditor\n\n####3. 将ueditor.config.js中的serverURL改为 URL + "ue"\n\n####4. 注册后台\n\n\tvar ueditor = require(\'ueditor-nodejs\');\n    app.use(\'/ueditor/ue\', ueditor({//这里的/ueditor/ue是因为文件件重命名为了ueditor,如果没改名，那么应该是/ueditor版本号/ue\n        configFile: \'/ueditor/php/config.json\',//如果下载的是jsp的，就填写/ueditor/jsp/config.json\n        mode: \'bcs\', //本地存储填写local\n        accessKey: \'Adxxxxxxx\',//本地存储不填写，bcs填写\n        secrectKey: \'oiUqt1VpH3fdxxxx\',//本地存储不填写，bcs填写\n        staticPath: path.join(__dirname, \'public\'), //一般固定的写法，静态资源的目录，如果是bcs，可以不填\n        dynamicPath: \'/blogpicture\' //动态目录，以/开头，bcs填写buckect名字，开头没有/.路径可以根据req动态变化，可以是一个函数，function(req) { return \'/xx\'} req.query.action是请求的行为，uploadimage表示上传图片，具体查看config.json.\n    }));\n\n####5. 动态目录示例\n\n这里例子是这个博客中的一段代码，如果是我自己上传图片，就放在uploadimage下，访客的图片放在visitorimage下。dynamicPath参数填写这个函数就可以了。bcs暂不支持自动创建目录操作，所以，返回的bucket必须是存在的，buckect开头没有/。\n\n\tvar dynamicPath = function (req) {\n\t\tif (req.query.action == \'uploadimage\') {//如果是上传图片\n\t\t\tif (req.session.isMe) {//如果是博主自己\n\t\t\t\treturn \'/uploadimage\'\n\t\t\t} else {//其余的当作访客\n\t\t\t\treturn \'/visitorimage\'\n\t\t\t}\n\t\t}\n\t}\n\n###6. 作者个人博客\n[longmenwaideyu.cn](http://longmenwaideyu.cn)\n\n如有任何问题可以在这里留言，或者直接联系我\n[http://www.longmenwaideyu.com/article/ueditor_nodejs_bcs_local](http://www.longmenwaideyu.com/article/ueditor_nodejs_bcs_local)\n\n',
28 silly publish   readmeFilename: 'README.md',
28 silly publish   gitHead: 'd53b857681f9e077b5eeab310740e3f2017066a6',
28 silly publish   bugs: { url: 'https://github.com/longmenwaideyu/ueditor-nodejs/issues' },
28 silly publish   homepage: 'https://github.com/longmenwaideyu/ueditor-nodejs',
28 silly publish   _id: 'ueditor-nodejs@0.1.1',
28 silly publish   _shasum: '78487445b6558c366dd5aac0de54bc9653b1a52f',
28 silly publish   _from: '.' }
29 verbose request where is /ueditor-nodejs
30 verbose request registry https://registry.npmjs.org/
31 verbose request id 618f24640265da34
32 verbose url raw /ueditor-nodejs
33 verbose url resolving [ 'https://registry.npmjs.org/', './ueditor-nodejs' ]
34 verbose url resolved https://registry.npmjs.org/ueditor-nodejs
35 verbose request where is https://registry.npmjs.org/ueditor-nodejs
36 info trying registry request attempt 1 at 09:43:47
37 http PUT https://registry.npmjs.org/ueditor-nodejs
38 http 403 https://registry.npmjs.org/ueditor-nodejs
39 verbose headers { 'content-type': 'application/json',
39 verbose headers   'cache-control': 'max-age=60',
39 verbose headers   'content-length': '95',
39 verbose headers   'accept-ranges': 'bytes',
39 verbose headers   date: 'Sat, 09 May 2015 01:43:49 GMT',
39 verbose headers   via: '1.1 varnish',
39 verbose headers   connection: 'keep-alive',
39 verbose headers   'x-served-by': 'cache-nrt6122-NRT',
39 verbose headers   'x-cache': 'MISS',
39 verbose headers   'x-cache-hits': '0',
39 verbose headers   'x-timer': 'S1431135827.773988,VS0,VE1737' }
40 error publish Failed PUT 403
41 error Error: "You cannot publish over the previously published version 0.1.1." : ueditor-nodejs
41 error     at RegClient.<anonymous> (/usr/local/lib/node_modules/npm/node_modules/npm-registry-client/lib/request.js:308:14)
41 error     at Request._callback (/usr/local/lib/node_modules/npm/node_modules/npm-registry-client/lib/request.js:246:65)
41 error     at Request.self.callback (/usr/local/lib/node_modules/npm/node_modules/request/request.js:236:22)
41 error     at Request.emit (events.js:98:17)
41 error     at Request.<anonymous> (/usr/local/lib/node_modules/npm/node_modules/request/request.js:1142:14)
41 error     at Request.emit (events.js:117:20)
41 error     at IncomingMessage.<anonymous> (/usr/local/lib/node_modules/npm/node_modules/request/request.js:1096:12)
41 error     at IncomingMessage.emit (events.js:117:20)
41 error     at _stream_readable.js:943:16
41 error     at process._tickCallback (node.js:419:13)
42 error If you need help, you may report this *entire* log,
42 error including the npm and node versions, at:
42 error     <http://github.com/npm/npm/issues>
43 error System Linux 3.2.0-65-generic-pae
44 error command "/usr/local/bin/node" "/usr/local/bin/npm" "publish"
45 error cwd /home/webadmin/ueditor-nodejs
46 error node -v v0.10.33
47 error npm -v 1.4.28
48 verbose exit [ 1, true ]
